<?xml version="1.0" encoding="UTF-8"?>
<!-- Generated by org.testng.reporters.JUnitXMLReporter -->
<testsuite ignored="0" hostname="DESKTOP-02B3D7O" failures="0" tests="1" name="Surefire test" time="0.259" errors="0" timestamp="2021-12-29T18:52:30 IST">
  <testcase classname="com.freshflows.pom.BaseTest" name="@BeforeMethod startDriver" time="-1.640784150416E9">
    <failure type="org.testng.TestNGException" message="
Parameter &amp;apos;browser&amp;apos; is required by BeforeMethod on method startDriver but has not been marked @Optional or defined
">
      <![CDATA[org.testng.TestNGException: 
Parameter 'browser' is required by BeforeMethod on method startDriver but has not been marked @Optional or defined

at java.base/java.util.ArrayList.forEach(ArrayList.java:1541)
... Removed 33 stack frames]]>
    </failure>
  </testcase> <!-- @BeforeMethod startDriver -->
  <testcase classname="com.freshflows.pom.BaseTest" name="@AfterMethod quitdriver" time="-1.64078415061E9">
    <skipped/>
  </testcase> <!-- @AfterMethod quitdriver -->
  <testcase classname="com.freshflows.tests.TestCase01" name="login" time="0.0">
    <skipped/>
  </testcase> <!-- login -->
</testsuite> <!-- Surefire test -->
