-------------------------------------------------------------------------------
Test set: TestSuite
-------------------------------------------------------------------------------
Tests run: 3, Failures: 1, Errors: 0, Skipped: 2, Time elapsed: 1.614 s <<< FAILURE! - in TestSuite
com.freshflows.tests.TestCase01.startDriver  Time elapsed: 1.279 s  <<< FAILURE!
org.testng.TestNGException: 

Parameter 'browser' is required by BeforeMethod on method startDriver but has not been marked @Optional or defined


